<?xml version="1.0" encoding="UTF-8"?>
<!-- Generated by org.testng.reporters.JUnitReportReporter -->
<testsuite hostname="Sai" name="Machines.DriverBase" tests="1" failures="0" timestamp="5 Feb 2017 14:40:10 GMT" time="24.778" errors="0">
  <testcase name="mainRunner" time="24.778" classname="Machines.DriverBase"/>
</testsuite> <!-- Machines.DriverBase -->
