<?xml version="1.0" encoding="UTF-8"?>
<!-- Generated by org.testng.reporters.JUnitReportReporter -->
<testsuite hostname="Sai" name="Machines.lab2" tests="1" failures="0" timestamp="25 Nov 2016 04:24:09 GMT" time="0.060" errors="0">
  <testcase name="t" time="0.060" classname="Machines.lab2"/>
</testsuite> <!-- Machines.lab2 -->
