<?xml version="1.0" encoding="UTF-8"?>
<!-- Generated by org.testng.reporters.JUnitReportReporter -->
<testsuite name="Machines.DriverBase" tests="1" time="28.179" ignored="0" failures="0" timestamp="02 Mar 2017 16:33:07 GMT" skipped="0" hostname="sai" errors="0">
  <testcase name="mainRunner" time="28.179" classname="Machines.DriverBase"/>
</testsuite> <!-- Machines.DriverBase -->
