<?xml version="1.0" encoding="UTF-8"?>
<!-- Generated by org.testng.reporters.JUnitReportReporter -->
<testsuite hostname="Sai" name="Machines.lab2" tests="1" failures="0" timestamp="12 Nov 2016 03:28:26 GMT" time="0.031" errors="0">
  <testcase name="t" time="0.031" classname="Machines.lab2"/>
</testsuite> <!-- Machines.lab2 -->
