<?xml version="1.0" encoding="UTF-8"?>
<!-- Generated by org.testng.reporters.JUnitReportReporter -->
<testsuite hostname="Sai" name="lab.showmessege" tests="1" failures="0" timestamp="13 Nov 2016 04:24:58 GMT" time="0.028" errors="0">
  <testcase name="logical" time="0.028" classname="lab.showmessege"/>
</testsuite> <!-- lab.showmessege -->
