<?xml version="1.0" encoding="UTF-8"?>
<!-- Generated by org.testng.reporters.JUnitReportReporter -->
<testsuite hostname="Sai" name="Machines.DriverBase" tests="1" failures="0" timestamp="19 Feb 2017 06:59:06 GMT" time="24.481" errors="0">
  <testcase name="mainRunner" time="24.481" classname="Machines.DriverBase"/>
</testsuite> <!-- Machines.DriverBase -->
