<?xml version="1.0" encoding="UTF-8"?>
<!-- Generated by org.testng.reporters.JUnitReportReporter -->
<testsuite hostname="Sai" name="lab.listner" tests="1" failures="0" timestamp="15 Feb 2017 17:12:34 GMT" time="4.170" errors="0">
  <testcase name="actionPerformed" time="4.170" classname="lab.listner"/>
</testsuite> <!-- lab.listner -->
